<?xml version="1.0" encoding="UTF-8"?>
<!-- Generated by org.testng.reporters.JUnitReportReporter -->
<testsuite hostname="UTSHOB" failures="0" tests="1" name="com.batch.CrossBrowserInit" time="7.419" errors="0" timestamp="2025-02-05T01:08:11 BDT" skipped="0">
  <testcase classname="com.batch.CrossBrowserInit" name="openUrl" time="7.419"/>
</testsuite> <!-- com.batch.CrossBrowserInit -->
